<?xml version="1.0" encoding="UTF-8"?>
<!-- Generated by org.testng.reporters.JUnitReportReporter -->
<testsuite hostname="NgD" failures="0" tests="1" name="automation.testsuite.Register_Test" time="17.640" errors="0" timestamp="2025-04-06T12:42:29 GMT+07:00" skipped="0">
  <testcase classname="automation.testsuite.Register_Test" name="RegisterSuccessfully" time="17.640"/>
</testsuite> <!-- automation.testsuite.Register_Test -->
