<?xml version="1.0" encoding="UTF-8"?>
<!-- Generated by org.testng.reporters.JUnitReportReporter -->
<testsuite hostname="NgD" failures="0" tests="1" name="automation.testsuite.Login_Test" time="8.422" errors="0" timestamp="2025-04-09T12:18:16 ICT" skipped="0">
  <testcase classname="automation.testsuite.Login_Test" name="LoginSuccessfully" time="8.422"/>
</testsuite> <!-- automation.testsuite.Login_Test -->
