<?xml version="1.0" encoding="UTF-8"?>
<!-- Generated by org.testng.reporters.JUnitReportReporter -->
<testsuite hostname="NgD" failures="0" tests="1" name="automation.testsuite.Cart_Test" time="11.965" errors="0" timestamp="2025-04-08T12:38:29 GMT+07:00" skipped="0">
  <testcase classname="automation.testsuite.Cart_Test" name="addToCartSuccessfully" time="11.965"/>
</testsuite> <!-- automation.testsuite.Cart_Test -->
