<?xml version="1.0" encoding="UTF-8"?>
<!-- Generated by org.testng.reporters.JUnitReportReporter -->
<testsuite hostname="NgD" failures="0" tests="1" name="automation.testsuite.Cart_Test" time="46.745" errors="0" timestamp="2025-04-09T10:25:15 GMT+07:00" skipped="0">
  <testcase classname="automation.testsuite.Cart_Test" name="registerWhileCheckoutSuccessfully" time="46.745"/>
</testsuite> <!-- automation.testsuite.Cart_Test -->
