<?xml version="1.0" encoding="UTF-8"?>
<!-- Generated by org.testng.reporters.JUnitReportReporter -->
<testsuite hostname="NgD" failures="0" tests="1" name="automation.testsuite.Search_Test" time="9.933" errors="0" timestamp="2025-04-08T10:24:29 GMT+07:00" skipped="0">
  <testcase classname="automation.testsuite.Search_Test" name="searchSuccessfully" time="9.933"/>
</testsuite> <!-- automation.testsuite.Search_Test -->
