<?xml version="1.0" encoding="UTF-8"?>
<!-- Generated by org.testng.reporters.JUnitReportReporter -->
<testsuite hostname="NgD" failures="0" tests="1" name="automation.testsuite.Subscription_Test" time="7.529" errors="0" timestamp="2025-04-08T10:58:08 GMT+07:00" skipped="0">
  <testcase classname="automation.testsuite.Subscription_Test" name="subscriptionInCartPageSuccessfully" time="7.529"/>
</testsuite> <!-- automation.testsuite.Subscription_Test -->
