<?xml version="1.0" encoding="UTF-8"?>
<!-- Generated by org.testng.reporters.JUnitReportReporter -->
<testsuite hostname="NgD" failures="0" tests="1" name="automation.testsuite.Login_Test" time="6.301" errors="0" timestamp="2025-04-04T11:28:48 GMT+07:00" skipped="0">
  <testcase classname="automation.testsuite.Login_Test" name="LoginUnsuccessfully_IncorredtEmailPassword" time="6.301"/>
</testsuite> <!-- automation.testsuite.Login_Test -->
