<?xml version="1.0" encoding="UTF-8"?>
<!-- Generated by org.testng.reporters.JUnitReportReporter -->
<testsuite hostname="NgD" failures="0" tests="1" name="automation.testsuite.Cart_Test" time="13.969" errors="0" timestamp="2025-04-09T14:48:18 ICT" skipped="0">
  <testcase classname="automation.testsuite.Cart_Test" name="removeProductFromCart" time="13.969"/>
</testsuite> <!-- automation.testsuite.Cart_Test -->
