<?xml version="1.0" encoding="UTF-8"?>
<!-- Generated by org.testng.reporters.JUnitReportReporter -->
<testsuite hostname="NgD" failures="0" tests="1" name="automation.testsuite.Logout_Test" time="9.530" errors="0" timestamp="2025-04-04T11:46:28 GMT+07:00" skipped="0">
  <testcase classname="automation.testsuite.Logout_Test" name="LogoutSuccessfully" time="9.530"/>
</testsuite> <!-- automation.testsuite.Logout_Test -->
